{"error":"Incorrect arguments to mysqld_stmt_execute","level":"error","message":"Database query error:","query":"\n        SELECT b.*, c.name as category_name \n        FROM books b \n        LEFT JOIN categories c ON b.category_id = c.id\n       ORDER BY b.created_at DESC LIMIT ? OFFSET ?","service":"bookstore-admin-api","timestamp":"2025-08-15 01:13:03"}
{"error":"Incorrect arguments to mysqld_stmt_execute","level":"error","message":"Error getting all books","service":"bookstore-admin-api","timestamp":"2025-08-15 01:13:03"}
{"error":"Incorrect arguments to mysqld_stmt_execute","level":"error","message":"Get all books error","service":"bookstore-admin-api","timestamp":"2025-08-15 01:13:03"}
{"error":"Incorrect arguments to mysqld_stmt_execute","level":"error","message":"Database query error:","query":"SELECT * FROM categories ORDER BY created_at DESC LIMIT ? OFFSET ?","service":"bookstore-admin-api","timestamp":"2025-08-15 01:13:03"}
{"error":"Incorrect arguments to mysqld_stmt_execute","level":"error","message":"Error getting all categories","service":"bookstore-admin-api","timestamp":"2025-08-15 01:13:03"}
{"error":"Incorrect arguments to mysqld_stmt_execute","level":"error","message":"Get all categories error","service":"bookstore-admin-api","timestamp":"2025-08-15 01:13:03"}
{"error":"Incorrect arguments to mysqld_stmt_execute","level":"error","message":"Database query error:","query":"\n        SELECT b.*, c.name as category_name \n        FROM books b \n        LEFT JOIN categories c ON b.category_id = c.id\n       ORDER BY b.created_at DESC LIMIT ? OFFSET ?","service":"bookstore-admin-api","timestamp":"2025-08-15 01:13:04"}
{"error":"Incorrect arguments to mysqld_stmt_execute","level":"error","message":"Error getting all books","service":"bookstore-admin-api","timestamp":"2025-08-15 01:13:04"}
{"error":"Incorrect arguments to mysqld_stmt_execute","level":"error","message":"Get all books error","service":"bookstore-admin-api","timestamp":"2025-08-15 01:13:04"}
{"error":"Incorrect arguments to mysqld_stmt_execute","level":"error","message":"Database query error:","query":"SELECT * FROM categories ORDER BY created_at DESC LIMIT ? OFFSET ?","service":"bookstore-admin-api","timestamp":"2025-08-15 01:13:04"}
{"error":"Incorrect arguments to mysqld_stmt_execute","level":"error","message":"Error getting all categories","service":"bookstore-admin-api","timestamp":"2025-08-15 01:13:04"}
{"error":"Incorrect arguments to mysqld_stmt_execute","level":"error","message":"Get all categories error","service":"bookstore-admin-api","timestamp":"2025-08-15 01:13:04"}
{"error":"Incorrect arguments to mysqld_stmt_execute","level":"error","message":"Database query error:","query":"SELECT * FROM categories ORDER BY created_at DESC LIMIT ? OFFSET ?","service":"bookstore-admin-api","timestamp":"2025-08-15 01:13:21"}
{"error":"Incorrect arguments to mysqld_stmt_execute","level":"error","message":"Error getting all categories","service":"bookstore-admin-api","timestamp":"2025-08-15 01:13:21"}
{"error":"Incorrect arguments to mysqld_stmt_execute","level":"error","message":"Get all categories error","service":"bookstore-admin-api","timestamp":"2025-08-15 01:13:21"}
{"error":"Incorrect arguments to mysqld_stmt_execute","level":"error","message":"Database query error:","query":"\n        SELECT b.*, c.name as category_name \n        FROM books b \n        LEFT JOIN categories c ON b.category_id = c.id\n       ORDER BY b.created_at DESC LIMIT ? OFFSET ?","service":"bookstore-admin-api","timestamp":"2025-08-15 01:13:21"}
{"error":"Incorrect arguments to mysqld_stmt_execute","level":"error","message":"Error getting all books","service":"bookstore-admin-api","timestamp":"2025-08-15 01:13:21"}
{"error":"Incorrect arguments to mysqld_stmt_execute","level":"error","message":"Get all books error","service":"bookstore-admin-api","timestamp":"2025-08-15 01:13:21"}
{"error":"Incorrect arguments to mysqld_stmt_execute","level":"error","message":"Database query error:","query":"SELECT * FROM categories ORDER BY created_at DESC LIMIT ? OFFSET ?","service":"bookstore-admin-api","timestamp":"2025-08-15 01:13:22"}
{"error":"Incorrect arguments to mysqld_stmt_execute","level":"error","message":"Error getting all categories","service":"bookstore-admin-api","timestamp":"2025-08-15 01:13:22"}
{"error":"Incorrect arguments to mysqld_stmt_execute","level":"error","message":"Get all categories error","service":"bookstore-admin-api","timestamp":"2025-08-15 01:13:22"}
{"error":"Incorrect arguments to mysqld_stmt_execute","level":"error","message":"Database query error:","query":"\n        SELECT b.*, c.name as category_name \n        FROM books b \n        LEFT JOIN categories c ON b.category_id = c.id\n       ORDER BY b.created_at DESC LIMIT ? OFFSET ?","service":"bookstore-admin-api","timestamp":"2025-08-15 01:13:22"}
{"error":"Incorrect arguments to mysqld_stmt_execute","level":"error","message":"Error getting all books","service":"bookstore-admin-api","timestamp":"2025-08-15 01:13:22"}
{"error":"Incorrect arguments to mysqld_stmt_execute","level":"error","message":"Get all books error","service":"bookstore-admin-api","timestamp":"2025-08-15 01:13:22"}
{"error":"Incorrect arguments to mysqld_stmt_execute","level":"error","message":"Database query error:","query":"\n        SELECT b.*, c.name as category_name \n        FROM books b \n        LEFT JOIN categories c ON b.category_id = c.id\n       ORDER BY b.created_at DESC LIMIT ? OFFSET ?","service":"bookstore-admin-api","timestamp":"2025-08-15 01:14:54"}
{"error":"Incorrect arguments to mysqld_stmt_execute","level":"error","message":"Error getting all books","service":"bookstore-admin-api","timestamp":"2025-08-15 01:14:54"}
{"error":"Incorrect arguments to mysqld_stmt_execute","level":"error","message":"Get all books error","service":"bookstore-admin-api","timestamp":"2025-08-15 01:14:54"}
{"error":"Incorrect arguments to mysqld_stmt_execute","level":"error","message":"Database query error:","query":"SELECT * FROM categories ORDER BY created_at DESC LIMIT ? OFFSET ?","service":"bookstore-admin-api","timestamp":"2025-08-15 01:14:54"}
{"error":"Incorrect arguments to mysqld_stmt_execute","level":"error","message":"Error getting all categories","service":"bookstore-admin-api","timestamp":"2025-08-15 01:14:54"}
{"error":"Incorrect arguments to mysqld_stmt_execute","level":"error","message":"Get all categories error","service":"bookstore-admin-api","timestamp":"2025-08-15 01:14:54"}
{"error":"Incorrect arguments to mysqld_stmt_execute","level":"error","message":"Database query error:","query":"SELECT * FROM categories ORDER BY created_at DESC LIMIT ? OFFSET ?","service":"bookstore-admin-api","timestamp":"2025-08-15 01:14:55"}
{"error":"Incorrect arguments to mysqld_stmt_execute","level":"error","message":"Error getting all categories","service":"bookstore-admin-api","timestamp":"2025-08-15 01:14:55"}
{"error":"Incorrect arguments to mysqld_stmt_execute","level":"error","message":"Get all categories error","service":"bookstore-admin-api","timestamp":"2025-08-15 01:14:55"}
{"error":"Incorrect arguments to mysqld_stmt_execute","level":"error","message":"Database query error:","query":"\n        SELECT b.*, c.name as category_name \n        FROM books b \n        LEFT JOIN categories c ON b.category_id = c.id\n       ORDER BY b.created_at DESC LIMIT ? OFFSET ?","service":"bookstore-admin-api","timestamp":"2025-08-15 01:14:55"}
{"error":"Incorrect arguments to mysqld_stmt_execute","level":"error","message":"Error getting all books","service":"bookstore-admin-api","timestamp":"2025-08-15 01:14:55"}
{"error":"Incorrect arguments to mysqld_stmt_execute","level":"error","message":"Get all books error","service":"bookstore-admin-api","timestamp":"2025-08-15 01:14:55"}
{"error":"Incorrect arguments to mysqld_stmt_execute","level":"error","message":"Database query error:","query":"SELECT * FROM categories ORDER BY created_at DESC LIMIT ? OFFSET ?","service":"bookstore-admin-api","timestamp":"2025-08-15 01:17:14"}
{"error":"Incorrect arguments to mysqld_stmt_execute","level":"error","message":"Error getting all categories","service":"bookstore-admin-api","timestamp":"2025-08-15 01:17:14"}
{"error":"Incorrect arguments to mysqld_stmt_execute","level":"error","message":"Get all categories error","service":"bookstore-admin-api","timestamp":"2025-08-15 01:17:14"}
{"error":"Incorrect arguments to mysqld_stmt_execute","level":"error","message":"Database query error:","query":"\n        SELECT b.*, c.name as category_name \n        FROM books b \n        LEFT JOIN categories c ON b.category_id = c.id\n       ORDER BY b.created_at DESC LIMIT ? OFFSET ?","service":"bookstore-admin-api","timestamp":"2025-08-15 01:17:14"}
{"error":"Incorrect arguments to mysqld_stmt_execute","level":"error","message":"Error getting all books","service":"bookstore-admin-api","timestamp":"2025-08-15 01:17:14"}
{"error":"Incorrect arguments to mysqld_stmt_execute","level":"error","message":"Get all books error","service":"bookstore-admin-api","timestamp":"2025-08-15 01:17:14"}
{"error":"Incorrect arguments to mysqld_stmt_execute","level":"error","message":"Database query error:","query":"SELECT * FROM categories ORDER BY created_at DESC LIMIT ? OFFSET ?","service":"bookstore-admin-api","timestamp":"2025-08-15 01:17:15"}
{"error":"Incorrect arguments to mysqld_stmt_execute","level":"error","message":"Error getting all categories","service":"bookstore-admin-api","timestamp":"2025-08-15 01:17:15"}
{"error":"Incorrect arguments to mysqld_stmt_execute","level":"error","message":"Get all categories error","service":"bookstore-admin-api","timestamp":"2025-08-15 01:17:15"}
{"error":"Incorrect arguments to mysqld_stmt_execute","level":"error","message":"Database query error:","query":"\n        SELECT b.*, c.name as category_name \n        FROM books b \n        LEFT JOIN categories c ON b.category_id = c.id\n       ORDER BY b.created_at DESC LIMIT ? OFFSET ?","service":"bookstore-admin-api","timestamp":"2025-08-15 01:17:15"}
{"error":"Incorrect arguments to mysqld_stmt_execute","level":"error","message":"Error getting all books","service":"bookstore-admin-api","timestamp":"2025-08-15 01:17:15"}
{"error":"Incorrect arguments to mysqld_stmt_execute","level":"error","message":"Get all books error","service":"bookstore-admin-api","timestamp":"2025-08-15 01:17:15"}
{"error":"Incorrect arguments to mysqld_stmt_execute","level":"error","message":"Database query error:","query":"SELECT * FROM categories ORDER BY created_at DESC LIMIT ? OFFSET ?","service":"bookstore-admin-api","timestamp":"2025-08-15 01:21:20"}
{"error":"Incorrect arguments to mysqld_stmt_execute","level":"error","message":"Error getting all categories","service":"bookstore-admin-api","timestamp":"2025-08-15 01:21:20"}
{"error":"Incorrect arguments to mysqld_stmt_execute","level":"error","message":"Get all categories error","service":"bookstore-admin-api","timestamp":"2025-08-15 01:21:20"}
{"error":"Incorrect arguments to mysqld_stmt_execute","level":"error","message":"Database query error:","query":"\n        SELECT b.*, c.name as category_name \n        FROM books b \n        LEFT JOIN categories c ON b.category_id = c.id\n       ORDER BY b.created_at DESC LIMIT ? OFFSET ?","service":"bookstore-admin-api","timestamp":"2025-08-15 01:21:20"}
{"error":"Incorrect arguments to mysqld_stmt_execute","level":"error","message":"Error getting all books","service":"bookstore-admin-api","timestamp":"2025-08-15 01:21:20"}
{"error":"Incorrect arguments to mysqld_stmt_execute","level":"error","message":"Get all books error","service":"bookstore-admin-api","timestamp":"2025-08-15 01:21:20"}
{"error":"Incorrect arguments to mysqld_stmt_execute","level":"error","message":"Database query error:","query":"\n        SELECT b.*, c.name as category_name \n        FROM books b \n        LEFT JOIN categories c ON b.category_id = c.id\n       ORDER BY b.created_at DESC LIMIT ? OFFSET ?","service":"bookstore-admin-api","timestamp":"2025-08-15 01:21:34"}
{"error":"Incorrect arguments to mysqld_stmt_execute","level":"error","message":"Error getting all books","service":"bookstore-admin-api","timestamp":"2025-08-15 01:21:34"}
{"error":"Incorrect arguments to mysqld_stmt_execute","level":"error","message":"Get all books error","service":"bookstore-admin-api","timestamp":"2025-08-15 01:21:34"}
{"error":"Incorrect arguments to mysqld_stmt_execute","level":"error","message":"Database query error:","query":"SELECT * FROM categories ORDER BY created_at DESC LIMIT ? OFFSET ?","service":"bookstore-admin-api","timestamp":"2025-08-15 01:21:34"}
{"error":"Incorrect arguments to mysqld_stmt_execute","level":"error","message":"Error getting all categories","service":"bookstore-admin-api","timestamp":"2025-08-15 01:21:34"}
{"error":"Incorrect arguments to mysqld_stmt_execute","level":"error","message":"Get all categories error","service":"bookstore-admin-api","timestamp":"2025-08-15 01:21:34"}
{"error":"Incorrect arguments to mysqld_stmt_execute","level":"error","message":"Database query error:","query":"\n        SELECT b.*, c.name as category_name \n        FROM books b \n        LEFT JOIN categories c ON b.category_id = c.id\n       ORDER BY b.created_at DESC LIMIT ? OFFSET ?","service":"bookstore-admin-api","timestamp":"2025-08-15 01:21:40"}
{"error":"Incorrect arguments to mysqld_stmt_execute","level":"error","message":"Error getting all books","service":"bookstore-admin-api","timestamp":"2025-08-15 01:21:40"}
{"error":"Incorrect arguments to mysqld_stmt_execute","level":"error","message":"Get all books error","service":"bookstore-admin-api","timestamp":"2025-08-15 01:21:40"}
{"error":"Incorrect arguments to mysqld_stmt_execute","level":"error","message":"Database query error:","query":"SELECT * FROM categories ORDER BY created_at DESC LIMIT ? OFFSET ?","service":"bookstore-admin-api","timestamp":"2025-08-15 01:21:40"}
{"error":"Incorrect arguments to mysqld_stmt_execute","level":"error","message":"Error getting all categories","service":"bookstore-admin-api","timestamp":"2025-08-15 01:21:40"}
{"error":"Incorrect arguments to mysqld_stmt_execute","level":"error","message":"Get all categories error","service":"bookstore-admin-api","timestamp":"2025-08-15 01:21:40"}
{"error":"Incorrect arguments to mysqld_stmt_execute","level":"error","message":"Database query error:","query":"\n        SELECT b.*, c.name as category_name \n        FROM books b \n        LEFT JOIN categories c ON b.category_id = c.id\n       ORDER BY b.created_at DESC LIMIT ? OFFSET ?","service":"bookstore-admin-api","timestamp":"2025-08-15 01:21:41"}
{"error":"Incorrect arguments to mysqld_stmt_execute","level":"error","message":"Error getting all books","service":"bookstore-admin-api","timestamp":"2025-08-15 01:21:41"}
{"error":"Incorrect arguments to mysqld_stmt_execute","level":"error","message":"Get all books error","service":"bookstore-admin-api","timestamp":"2025-08-15 01:21:41"}
{"error":"Incorrect arguments to mysqld_stmt_execute","level":"error","message":"Database query error:","query":"SELECT * FROM categories ORDER BY created_at DESC LIMIT ? OFFSET ?","service":"bookstore-admin-api","timestamp":"2025-08-15 01:21:41"}
{"error":"Incorrect arguments to mysqld_stmt_execute","level":"error","message":"Error getting all categories","service":"bookstore-admin-api","timestamp":"2025-08-15 01:21:41"}
{"error":"Incorrect arguments to mysqld_stmt_execute","level":"error","message":"Get all categories error","service":"bookstore-admin-api","timestamp":"2025-08-15 01:21:41"}
{"error":"Incorrect arguments to mysqld_stmt_execute","level":"error","message":"Database query error:","query":"\n        SELECT b.*, c.name as category_name \n        FROM books b \n        LEFT JOIN categories c ON b.category_id = c.id\n       ORDER BY b.created_at DESC LIMIT ? OFFSET ?","service":"bookstore-admin-api","timestamp":"2025-08-15 01:21:52"}
{"error":"Incorrect arguments to mysqld_stmt_execute","level":"error","message":"Error getting all books","service":"bookstore-admin-api","timestamp":"2025-08-15 01:21:52"}
{"error":"Incorrect arguments to mysqld_stmt_execute","level":"error","message":"Get all books error","service":"bookstore-admin-api","timestamp":"2025-08-15 01:21:52"}
{"error":"Incorrect arguments to mysqld_stmt_execute","level":"error","message":"Database query error:","query":"SELECT * FROM categories ORDER BY created_at DESC LIMIT ? OFFSET ?","service":"bookstore-admin-api","timestamp":"2025-08-15 01:21:52"}
{"error":"Incorrect arguments to mysqld_stmt_execute","level":"error","message":"Error getting all categories","service":"bookstore-admin-api","timestamp":"2025-08-15 01:21:52"}
{"error":"Incorrect arguments to mysqld_stmt_execute","level":"error","message":"Get all categories error","service":"bookstore-admin-api","timestamp":"2025-08-15 01:21:52"}
{"error":"Incorrect arguments to mysqld_stmt_execute","level":"error","message":"Database query error:","query":"SELECT * FROM categories ORDER BY created_at DESC LIMIT ? OFFSET ?","service":"bookstore-admin-api","timestamp":"2025-08-15 01:21:53"}
{"error":"Incorrect arguments to mysqld_stmt_execute","level":"error","message":"Error getting all categories","service":"bookstore-admin-api","timestamp":"2025-08-15 01:21:53"}
{"error":"Incorrect arguments to mysqld_stmt_execute","level":"error","message":"Get all categories error","service":"bookstore-admin-api","timestamp":"2025-08-15 01:21:53"}
{"error":"Incorrect arguments to mysqld_stmt_execute","level":"error","message":"Database query error:","query":"\n        SELECT b.*, c.name as category_name \n        FROM books b \n        LEFT JOIN categories c ON b.category_id = c.id\n       ORDER BY b.created_at DESC LIMIT ? OFFSET ?","service":"bookstore-admin-api","timestamp":"2025-08-15 01:21:53"}
{"error":"Incorrect arguments to mysqld_stmt_execute","level":"error","message":"Error getting all books","service":"bookstore-admin-api","timestamp":"2025-08-15 01:21:53"}
{"error":"Incorrect arguments to mysqld_stmt_execute","level":"error","message":"Get all books error","service":"bookstore-admin-api","timestamp":"2025-08-15 01:21:53"}
{"error":"Incorrect arguments to mysqld_stmt_execute","level":"error","message":"Database query error:","query":"\n        SELECT b.*, c.name as category_name \n        FROM books b \n        LEFT JOIN categories c ON b.category_id = c.id\n       ORDER BY b.created_at DESC LIMIT ? OFFSET ?","service":"bookstore-admin-api","timestamp":"2025-08-15 01:22:06"}
{"error":"Incorrect arguments to mysqld_stmt_execute","level":"error","message":"Error getting all books","service":"bookstore-admin-api","timestamp":"2025-08-15 01:22:06"}
{"error":"Incorrect arguments to mysqld_stmt_execute","level":"error","message":"Get all books error","service":"bookstore-admin-api","timestamp":"2025-08-15 01:22:06"}
{"error":"Incorrect arguments to mysqld_stmt_execute","level":"error","message":"Database query error:","query":"SELECT * FROM categories ORDER BY created_at DESC LIMIT ? OFFSET ?","service":"bookstore-admin-api","timestamp":"2025-08-15 01:22:06"}
{"error":"Incorrect arguments to mysqld_stmt_execute","level":"error","message":"Error getting all categories","service":"bookstore-admin-api","timestamp":"2025-08-15 01:22:06"}
{"error":"Incorrect arguments to mysqld_stmt_execute","level":"error","message":"Get all categories error","service":"bookstore-admin-api","timestamp":"2025-08-15 01:22:06"}
{"error":"Incorrect arguments to mysqld_stmt_execute","level":"error","message":"Database query error:","query":"SELECT * FROM categories ORDER BY created_at DESC LIMIT ? OFFSET ?","service":"bookstore-admin-api","timestamp":"2025-08-15 01:22:07"}
{"error":"Incorrect arguments to mysqld_stmt_execute","level":"error","message":"Error getting all categories","service":"bookstore-admin-api","timestamp":"2025-08-15 01:22:07"}
{"error":"Incorrect arguments to mysqld_stmt_execute","level":"error","message":"Get all categories error","service":"bookstore-admin-api","timestamp":"2025-08-15 01:22:07"}
{"error":"Incorrect arguments to mysqld_stmt_execute","level":"error","message":"Database query error:","query":"\n        SELECT b.*, c.name as category_name \n        FROM books b \n        LEFT JOIN categories c ON b.category_id = c.id\n       ORDER BY b.created_at DESC LIMIT ? OFFSET ?","service":"bookstore-admin-api","timestamp":"2025-08-15 01:22:07"}
{"error":"Incorrect arguments to mysqld_stmt_execute","level":"error","message":"Error getting all books","service":"bookstore-admin-api","timestamp":"2025-08-15 01:22:07"}
{"error":"Incorrect arguments to mysqld_stmt_execute","level":"error","message":"Get all books error","service":"bookstore-admin-api","timestamp":"2025-08-15 01:22:07"}
{"error":"Incorrect arguments to mysqld_stmt_execute","level":"error","message":"Database query error:","query":"\n        SELECT b.*, c.name as category_name \n        FROM books b \n        LEFT JOIN categories c ON b.category_id = c.id\n       ORDER BY b.created_at DESC LIMIT ? OFFSET ?","service":"bookstore-admin-api","timestamp":"2025-08-15 01:30:34"}
{"error":"Incorrect arguments to mysqld_stmt_execute","level":"error","message":"Error getting all books","service":"bookstore-admin-api","timestamp":"2025-08-15 01:30:34"}
{"error":"Incorrect arguments to mysqld_stmt_execute","level":"error","message":"Get all books error","service":"bookstore-admin-api","timestamp":"2025-08-15 01:30:34"}
{"error":"Incorrect arguments to mysqld_stmt_execute","level":"error","message":"Database query error:","query":"SELECT * FROM categories ORDER BY created_at DESC LIMIT ? OFFSET ?","service":"bookstore-admin-api","timestamp":"2025-08-15 01:30:34"}
{"error":"Incorrect arguments to mysqld_stmt_execute","level":"error","message":"Error getting all categories","service":"bookstore-admin-api","timestamp":"2025-08-15 01:30:34"}
{"error":"Incorrect arguments to mysqld_stmt_execute","level":"error","message":"Get all categories error","service":"bookstore-admin-api","timestamp":"2025-08-15 01:30:34"}
{"error":"Incorrect arguments to mysqld_stmt_execute","level":"error","message":"Database query error:","query":"\n        SELECT b.*, c.name as category_name \n        FROM books b \n        LEFT JOIN categories c ON b.category_id = c.id\n       ORDER BY b.created_at DESC LIMIT ? OFFSET ?","service":"bookstore-admin-api","timestamp":"2025-08-15 01:30:35"}
{"error":"Incorrect arguments to mysqld_stmt_execute","level":"error","message":"Error getting all books","service":"bookstore-admin-api","timestamp":"2025-08-15 01:30:35"}
{"error":"Incorrect arguments to mysqld_stmt_execute","level":"error","message":"Get all books error","service":"bookstore-admin-api","timestamp":"2025-08-15 01:30:35"}
{"error":"Incorrect arguments to mysqld_stmt_execute","level":"error","message":"Database query error:","query":"SELECT * FROM categories ORDER BY created_at DESC LIMIT ? OFFSET ?","service":"bookstore-admin-api","timestamp":"2025-08-15 01:30:35"}
{"error":"Incorrect arguments to mysqld_stmt_execute","level":"error","message":"Error getting all categories","service":"bookstore-admin-api","timestamp":"2025-08-15 01:30:35"}
{"error":"Incorrect arguments to mysqld_stmt_execute","level":"error","message":"Get all categories error","service":"bookstore-admin-api","timestamp":"2025-08-15 01:30:35"}
{"error":"Incorrect arguments to mysqld_stmt_execute","level":"error","message":"Database query error:","query":"\n        SELECT b.*, c.name as category_name \n        FROM books b \n        LEFT JOIN categories c ON b.category_id = c.id\n       ORDER BY b.created_at DESC LIMIT ? OFFSET ?","service":"bookstore-admin-api","timestamp":"2025-08-15 01:31:42"}
{"error":"Incorrect arguments to mysqld_stmt_execute","level":"error","message":"Error getting all books","service":"bookstore-admin-api","timestamp":"2025-08-15 01:31:42"}
{"error":"Incorrect arguments to mysqld_stmt_execute","level":"error","message":"Get all books error","service":"bookstore-admin-api","timestamp":"2025-08-15 01:31:42"}
{"error":"Incorrect arguments to mysqld_stmt_execute","level":"error","message":"Database query error:","query":"SELECT * FROM categories ORDER BY created_at DESC LIMIT ? OFFSET ?","service":"bookstore-admin-api","timestamp":"2025-08-15 01:31:42"}
{"error":"Incorrect arguments to mysqld_stmt_execute","level":"error","message":"Error getting all categories","service":"bookstore-admin-api","timestamp":"2025-08-15 01:31:42"}
{"error":"Incorrect arguments to mysqld_stmt_execute","level":"error","message":"Get all categories error","service":"bookstore-admin-api","timestamp":"2025-08-15 01:31:42"}
{"error":"Incorrect arguments to mysqld_stmt_execute","level":"error","message":"Database query error:","query":"\n        SELECT b.*, c.name as category_name \n        FROM books b \n        LEFT JOIN categories c ON b.category_id = c.id\n       ORDER BY b.created_at DESC LIMIT ? OFFSET ?","service":"bookstore-admin-api","timestamp":"2025-08-15 01:31:43"}
{"error":"Incorrect arguments to mysqld_stmt_execute","level":"error","message":"Error getting all books","service":"bookstore-admin-api","timestamp":"2025-08-15 01:31:43"}
{"error":"Incorrect arguments to mysqld_stmt_execute","level":"error","message":"Get all books error","service":"bookstore-admin-api","timestamp":"2025-08-15 01:31:43"}
{"error":"Incorrect arguments to mysqld_stmt_execute","level":"error","message":"Database query error:","query":"SELECT * FROM categories ORDER BY created_at DESC LIMIT ? OFFSET ?","service":"bookstore-admin-api","timestamp":"2025-08-15 01:31:43"}
{"error":"Incorrect arguments to mysqld_stmt_execute","level":"error","message":"Error getting all categories","service":"bookstore-admin-api","timestamp":"2025-08-15 01:31:43"}
{"error":"Incorrect arguments to mysqld_stmt_execute","level":"error","message":"Get all categories error","service":"bookstore-admin-api","timestamp":"2025-08-15 01:31:43"}
{"error":"Incorrect arguments to mysqld_stmt_execute","level":"error","message":"Database query error:","query":"SELECT * FROM categories ORDER BY created_at DESC LIMIT ? OFFSET ?","service":"bookstore-admin-api","timestamp":"2025-08-15 01:40:33"}
{"error":"Incorrect arguments to mysqld_stmt_execute","level":"error","message":"Error getting all categories","service":"bookstore-admin-api","timestamp":"2025-08-15 01:40:33"}
{"error":"Incorrect arguments to mysqld_stmt_execute","level":"error","message":"Get all categories error","service":"bookstore-admin-api","timestamp":"2025-08-15 01:40:33"}
{"error":"Incorrect arguments to mysqld_stmt_execute","level":"error","message":"Database query error:","query":"\n        SELECT b.*, c.name as category_name \n        FROM books b \n        LEFT JOIN categories c ON b.category_id = c.id\n       ORDER BY b.created_at DESC LIMIT ? OFFSET ?","service":"bookstore-admin-api","timestamp":"2025-08-15 01:40:33"}
{"error":"Incorrect arguments to mysqld_stmt_execute","level":"error","message":"Error getting all books","service":"bookstore-admin-api","timestamp":"2025-08-15 01:40:33"}
{"error":"Incorrect arguments to mysqld_stmt_execute","level":"error","message":"Get all books error","service":"bookstore-admin-api","timestamp":"2025-08-15 01:40:33"}
{"error":"Incorrect arguments to mysqld_stmt_execute","level":"error","message":"Database query error:","query":"SELECT * FROM categories ORDER BY created_at DESC LIMIT ? OFFSET ?","service":"bookstore-admin-api","timestamp":"2025-08-15 01:40:34"}
{"error":"Incorrect arguments to mysqld_stmt_execute","level":"error","message":"Error getting all categories","service":"bookstore-admin-api","timestamp":"2025-08-15 01:40:34"}
{"error":"Incorrect arguments to mysqld_stmt_execute","level":"error","message":"Get all categories error","service":"bookstore-admin-api","timestamp":"2025-08-15 01:40:34"}
{"error":"Incorrect arguments to mysqld_stmt_execute","level":"error","message":"Database query error:","query":"\n        SELECT b.*, c.name as category_name \n        FROM books b \n        LEFT JOIN categories c ON b.category_id = c.id\n       ORDER BY b.created_at DESC LIMIT ? OFFSET ?","service":"bookstore-admin-api","timestamp":"2025-08-15 01:40:34"}
{"error":"Incorrect arguments to mysqld_stmt_execute","level":"error","message":"Error getting all books","service":"bookstore-admin-api","timestamp":"2025-08-15 01:40:34"}
{"error":"Incorrect arguments to mysqld_stmt_execute","level":"error","message":"Get all books error","service":"bookstore-admin-api","timestamp":"2025-08-15 01:40:34"}
{"error":"Incorrect arguments to mysqld_stmt_execute","level":"error","message":"Database query error:","query":"\n        SELECT b.*, c.name as category_name \n        FROM books b \n        LEFT JOIN categories c ON b.category_id = c.id\n       ORDER BY b.created_at DESC LIMIT ? OFFSET ?","service":"bookstore-admin-api","timestamp":"2025-08-15 01:40:48"}
{"error":"Incorrect arguments to mysqld_stmt_execute","level":"error","message":"Error getting all books","service":"bookstore-admin-api","timestamp":"2025-08-15 01:40:48"}
{"error":"Incorrect arguments to mysqld_stmt_execute","level":"error","message":"Get all books error","service":"bookstore-admin-api","timestamp":"2025-08-15 01:40:48"}
{"error":"Incorrect arguments to mysqld_stmt_execute","level":"error","message":"Database query error:","query":"SELECT * FROM categories ORDER BY created_at DESC LIMIT ? OFFSET ?","service":"bookstore-admin-api","timestamp":"2025-08-15 01:40:48"}
{"error":"Incorrect arguments to mysqld_stmt_execute","level":"error","message":"Error getting all categories","service":"bookstore-admin-api","timestamp":"2025-08-15 01:40:48"}
{"error":"Incorrect arguments to mysqld_stmt_execute","level":"error","message":"Get all categories error","service":"bookstore-admin-api","timestamp":"2025-08-15 01:40:48"}
{"error":"Incorrect arguments to mysqld_stmt_execute","level":"error","message":"Database query error:","query":"\n        SELECT b.*, c.name as category_name \n        FROM books b \n        LEFT JOIN categories c ON b.category_id = c.id\n       ORDER BY b.created_at DESC LIMIT ? OFFSET ?","service":"bookstore-admin-api","timestamp":"2025-08-15 01:40:49"}
{"error":"Incorrect arguments to mysqld_stmt_execute","level":"error","message":"Error getting all books","service":"bookstore-admin-api","timestamp":"2025-08-15 01:40:49"}
{"error":"Incorrect arguments to mysqld_stmt_execute","level":"error","message":"Get all books error","service":"bookstore-admin-api","timestamp":"2025-08-15 01:40:49"}
{"error":"Incorrect arguments to mysqld_stmt_execute","level":"error","message":"Database query error:","query":"SELECT * FROM categories ORDER BY created_at DESC LIMIT ? OFFSET ?","service":"bookstore-admin-api","timestamp":"2025-08-15 01:40:49"}
{"error":"Incorrect arguments to mysqld_stmt_execute","level":"error","message":"Error getting all categories","service":"bookstore-admin-api","timestamp":"2025-08-15 01:40:49"}
{"error":"Incorrect arguments to mysqld_stmt_execute","level":"error","message":"Get all categories error","service":"bookstore-admin-api","timestamp":"2025-08-15 01:40:49"}
{"error":"Incorrect arguments to mysqld_stmt_execute","level":"error","message":"Database query error:","query":"SELECT * FROM categories ORDER BY created_at DESC LIMIT ? OFFSET ?","service":"bookstore-admin-api","timestamp":"2025-08-15 01:40:54"}
{"error":"Incorrect arguments to mysqld_stmt_execute","level":"error","message":"Error getting all categories","service":"bookstore-admin-api","timestamp":"2025-08-15 01:40:54"}
{"error":"Incorrect arguments to mysqld_stmt_execute","level":"error","message":"Get all categories error","service":"bookstore-admin-api","timestamp":"2025-08-15 01:40:54"}
{"error":"Incorrect arguments to mysqld_stmt_execute","level":"error","message":"Database query error:","query":"\n        SELECT b.*, c.name as category_name \n        FROM books b \n        LEFT JOIN categories c ON b.category_id = c.id\n       ORDER BY b.created_at DESC LIMIT ? OFFSET ?","service":"bookstore-admin-api","timestamp":"2025-08-15 01:40:54"}
{"error":"Incorrect arguments to mysqld_stmt_execute","level":"error","message":"Error getting all books","service":"bookstore-admin-api","timestamp":"2025-08-15 01:40:54"}
{"error":"Incorrect arguments to mysqld_stmt_execute","level":"error","message":"Get all books error","service":"bookstore-admin-api","timestamp":"2025-08-15 01:40:54"}
{"error":"Incorrect arguments to mysqld_stmt_execute","level":"error","message":"Database query error:","query":"SELECT * FROM categories ORDER BY created_at DESC LIMIT ? OFFSET ?","service":"bookstore-admin-api","timestamp":"2025-08-15 01:40:55"}
{"error":"Incorrect arguments to mysqld_stmt_execute","level":"error","message":"Error getting all categories","service":"bookstore-admin-api","timestamp":"2025-08-15 01:40:55"}
{"error":"Incorrect arguments to mysqld_stmt_execute","level":"error","message":"Get all categories error","service":"bookstore-admin-api","timestamp":"2025-08-15 01:40:55"}
{"error":"Incorrect arguments to mysqld_stmt_execute","level":"error","message":"Database query error:","query":"\n        SELECT b.*, c.name as category_name \n        FROM books b \n        LEFT JOIN categories c ON b.category_id = c.id\n       ORDER BY b.created_at DESC LIMIT ? OFFSET ?","service":"bookstore-admin-api","timestamp":"2025-08-15 01:40:55"}
{"error":"Incorrect arguments to mysqld_stmt_execute","level":"error","message":"Error getting all books","service":"bookstore-admin-api","timestamp":"2025-08-15 01:40:55"}
{"error":"Incorrect arguments to mysqld_stmt_execute","level":"error","message":"Get all books error","service":"bookstore-admin-api","timestamp":"2025-08-15 01:40:55"}
{"error":"Incorrect arguments to mysqld_stmt_execute","level":"error","message":"Database query error:","query":"\n        SELECT b.*, c.name as category_name \n        FROM books b \n        LEFT JOIN categories c ON b.category_id = c.id\n       ORDER BY b.created_at DESC LIMIT ? OFFSET ?","service":"bookstore-admin-api","timestamp":"2025-08-15 01:41:16"}
{"error":"Incorrect arguments to mysqld_stmt_execute","level":"error","message":"Error getting all books","service":"bookstore-admin-api","timestamp":"2025-08-15 01:41:16"}
{"error":"Incorrect arguments to mysqld_stmt_execute","level":"error","message":"Get all books error","service":"bookstore-admin-api","timestamp":"2025-08-15 01:41:16"}
{"error":"Incorrect arguments to mysqld_stmt_execute","level":"error","message":"Database query error:","query":"SELECT * FROM categories ORDER BY created_at DESC LIMIT ? OFFSET ?","service":"bookstore-admin-api","timestamp":"2025-08-15 01:41:16"}
{"error":"Incorrect arguments to mysqld_stmt_execute","level":"error","message":"Error getting all categories","service":"bookstore-admin-api","timestamp":"2025-08-15 01:41:16"}
{"error":"Incorrect arguments to mysqld_stmt_execute","level":"error","message":"Get all categories error","service":"bookstore-admin-api","timestamp":"2025-08-15 01:41:16"}
{"error":"Incorrect arguments to mysqld_stmt_execute","level":"error","message":"Database query error:","query":"\n        SELECT b.*, c.name as category_name \n        FROM books b \n        LEFT JOIN categories c ON b.category_id = c.id\n       ORDER BY b.created_at DESC LIMIT ? OFFSET ?","service":"bookstore-admin-api","timestamp":"2025-08-15 01:41:17"}
{"error":"Incorrect arguments to mysqld_stmt_execute","level":"error","message":"Error getting all books","service":"bookstore-admin-api","timestamp":"2025-08-15 01:41:17"}
{"error":"Incorrect arguments to mysqld_stmt_execute","level":"error","message":"Get all books error","service":"bookstore-admin-api","timestamp":"2025-08-15 01:41:17"}
{"error":"Incorrect arguments to mysqld_stmt_execute","level":"error","message":"Database query error:","query":"SELECT * FROM categories ORDER BY created_at DESC LIMIT ? OFFSET ?","service":"bookstore-admin-api","timestamp":"2025-08-15 01:41:17"}
{"error":"Incorrect arguments to mysqld_stmt_execute","level":"error","message":"Error getting all categories","service":"bookstore-admin-api","timestamp":"2025-08-15 01:41:17"}
{"error":"Incorrect arguments to mysqld_stmt_execute","level":"error","message":"Get all categories error","service":"bookstore-admin-api","timestamp":"2025-08-15 01:41:17"}
{"error":"Incorrect arguments to mysqld_stmt_execute","level":"error","message":"Database query error:","query":"\n        SELECT b.*, c.name as category_name \n        FROM books b \n        LEFT JOIN categories c ON b.category_id = c.id\n       ORDER BY b.created_at DESC LIMIT ? OFFSET ?","service":"bookstore-admin-api","timestamp":"2025-08-15 01:46:19"}
{"error":"Incorrect arguments to mysqld_stmt_execute","level":"error","message":"Error getting all books","service":"bookstore-admin-api","timestamp":"2025-08-15 01:46:19"}
{"error":"Incorrect arguments to mysqld_stmt_execute","level":"error","message":"Get all books error","service":"bookstore-admin-api","timestamp":"2025-08-15 01:46:19"}
{"error":"Incorrect arguments to mysqld_stmt_execute","level":"error","message":"Database query error:","query":"SELECT * FROM categories ORDER BY created_at DESC LIMIT ? OFFSET ?","service":"bookstore-admin-api","timestamp":"2025-08-15 01:46:19"}
{"error":"Incorrect arguments to mysqld_stmt_execute","level":"error","message":"Error getting all categories","service":"bookstore-admin-api","timestamp":"2025-08-15 01:46:19"}
{"error":"Incorrect arguments to mysqld_stmt_execute","level":"error","message":"Get all categories error","service":"bookstore-admin-api","timestamp":"2025-08-15 01:46:19"}
{"error":"Incorrect arguments to mysqld_stmt_execute","level":"error","message":"Database query error:","query":"\n        SELECT b.*, c.name as category_name \n        FROM books b \n        LEFT JOIN categories c ON b.category_id = c.id\n       ORDER BY b.created_at DESC LIMIT ? OFFSET ?","service":"bookstore-admin-api","timestamp":"2025-08-15 01:46:20"}
{"error":"Incorrect arguments to mysqld_stmt_execute","level":"error","message":"Error getting all books","service":"bookstore-admin-api","timestamp":"2025-08-15 01:46:20"}
{"error":"Incorrect arguments to mysqld_stmt_execute","level":"error","message":"Get all books error","service":"bookstore-admin-api","timestamp":"2025-08-15 01:46:20"}
{"error":"Incorrect arguments to mysqld_stmt_execute","level":"error","message":"Database query error:","query":"SELECT * FROM categories ORDER BY created_at DESC LIMIT ? OFFSET ?","service":"bookstore-admin-api","timestamp":"2025-08-15 01:46:20"}
{"error":"Incorrect arguments to mysqld_stmt_execute","level":"error","message":"Error getting all categories","service":"bookstore-admin-api","timestamp":"2025-08-15 01:46:20"}
{"error":"Incorrect arguments to mysqld_stmt_execute","level":"error","message":"Get all categories error","service":"bookstore-admin-api","timestamp":"2025-08-15 01:46:20"}
{"error":"Incorrect arguments to mysqld_stmt_execute","level":"error","message":"Database query error:","query":"\n        SELECT b.*, c.name as category_name \n        FROM books b \n        LEFT JOIN categories c ON b.category_id = c.id\n       ORDER BY b.created_at DESC LIMIT ? OFFSET ?","service":"bookstore-admin-api","timestamp":"2025-08-15 01:47:06"}
{"error":"Incorrect arguments to mysqld_stmt_execute","level":"error","message":"Error getting all books","service":"bookstore-admin-api","timestamp":"2025-08-15 01:47:06"}
{"error":"Incorrect arguments to mysqld_stmt_execute","level":"error","message":"Get all books error","service":"bookstore-admin-api","timestamp":"2025-08-15 01:47:06"}
{"error":"Incorrect arguments to mysqld_stmt_execute","level":"error","message":"Database query error:","query":"SELECT * FROM categories ORDER BY created_at DESC LIMIT ? OFFSET ?","service":"bookstore-admin-api","timestamp":"2025-08-15 01:47:06"}
{"error":"Incorrect arguments to mysqld_stmt_execute","level":"error","message":"Error getting all categories","service":"bookstore-admin-api","timestamp":"2025-08-15 01:47:06"}
{"error":"Incorrect arguments to mysqld_stmt_execute","level":"error","message":"Get all categories error","service":"bookstore-admin-api","timestamp":"2025-08-15 01:47:06"}
{"error":"Incorrect arguments to mysqld_stmt_execute","level":"error","message":"Database query error:","query":"\n        SELECT b.*, c.name as category_name \n        FROM books b \n        LEFT JOIN categories c ON b.category_id = c.id\n       ORDER BY b.created_at DESC LIMIT ? OFFSET ?","service":"bookstore-admin-api","timestamp":"2025-08-15 01:47:07"}
{"error":"Incorrect arguments to mysqld_stmt_execute","level":"error","message":"Error getting all books","service":"bookstore-admin-api","timestamp":"2025-08-15 01:47:07"}
{"error":"Incorrect arguments to mysqld_stmt_execute","level":"error","message":"Get all books error","service":"bookstore-admin-api","timestamp":"2025-08-15 01:47:07"}
{"error":"Incorrect arguments to mysqld_stmt_execute","level":"error","message":"Database query error:","query":"SELECT * FROM categories ORDER BY created_at DESC LIMIT ? OFFSET ?","service":"bookstore-admin-api","timestamp":"2025-08-15 01:47:07"}
{"error":"Incorrect arguments to mysqld_stmt_execute","level":"error","message":"Error getting all categories","service":"bookstore-admin-api","timestamp":"2025-08-15 01:47:07"}
{"error":"Incorrect arguments to mysqld_stmt_execute","level":"error","message":"Get all categories error","service":"bookstore-admin-api","timestamp":"2025-08-15 01:47:07"}
{"error":"Incorrect arguments to mysqld_stmt_execute","level":"error","message":"Database query error:","query":"\n        SELECT b.*, c.name as category_name \n        FROM books b \n        LEFT JOIN categories c ON b.category_id = c.id\n       ORDER BY b.created_at DESC LIMIT ? OFFSET ?","service":"bookstore-admin-api","timestamp":"2025-08-15 01:51:44"}
{"error":"Incorrect arguments to mysqld_stmt_execute","level":"error","message":"Error getting all books","service":"bookstore-admin-api","timestamp":"2025-08-15 01:51:44"}
{"error":"Incorrect arguments to mysqld_stmt_execute","level":"error","message":"Get all books error","service":"bookstore-admin-api","timestamp":"2025-08-15 01:51:44"}
{"error":"Incorrect arguments to mysqld_stmt_execute","level":"error","message":"Database query error:","query":"SELECT * FROM categories ORDER BY created_at DESC LIMIT ? OFFSET ?","service":"bookstore-admin-api","timestamp":"2025-08-15 01:51:44"}
{"error":"Incorrect arguments to mysqld_stmt_execute","level":"error","message":"Error getting all categories","service":"bookstore-admin-api","timestamp":"2025-08-15 01:51:44"}
{"error":"Incorrect arguments to mysqld_stmt_execute","level":"error","message":"Get all categories error","service":"bookstore-admin-api","timestamp":"2025-08-15 01:51:44"}
{"error":"Incorrect arguments to mysqld_stmt_execute","level":"error","message":"Database query error:","query":"\n        SELECT b.*, c.name as category_name \n        FROM books b \n        LEFT JOIN categories c ON b.category_id = c.id\n       ORDER BY b.created_at DESC LIMIT ? OFFSET ?","service":"bookstore-admin-api","timestamp":"2025-08-15 01:51:45"}
{"error":"Incorrect arguments to mysqld_stmt_execute","level":"error","message":"Error getting all books","service":"bookstore-admin-api","timestamp":"2025-08-15 01:51:45"}
{"error":"Incorrect arguments to mysqld_stmt_execute","level":"error","message":"Get all books error","service":"bookstore-admin-api","timestamp":"2025-08-15 01:51:45"}
{"error":"Incorrect arguments to mysqld_stmt_execute","level":"error","message":"Database query error:","query":"SELECT * FROM categories ORDER BY created_at DESC LIMIT ? OFFSET ?","service":"bookstore-admin-api","timestamp":"2025-08-15 01:51:45"}
{"error":"Incorrect arguments to mysqld_stmt_execute","level":"error","message":"Error getting all categories","service":"bookstore-admin-api","timestamp":"2025-08-15 01:51:45"}
{"error":"Incorrect arguments to mysqld_stmt_execute","level":"error","message":"Get all categories error","service":"bookstore-admin-api","timestamp":"2025-08-15 01:51:45"}
{"error":"Incorrect arguments to mysqld_stmt_execute","level":"error","message":"Database query error:","query":"SELECT * FROM categories ORDER BY created_at DESC LIMIT ? OFFSET ?","service":"bookstore-admin-api","timestamp":"2025-08-15 01:52:27"}
{"error":"Incorrect arguments to mysqld_stmt_execute","level":"error","message":"Error getting all categories","service":"bookstore-admin-api","timestamp":"2025-08-15 01:52:27"}
{"error":"Incorrect arguments to mysqld_stmt_execute","level":"error","message":"Get all categories error","service":"bookstore-admin-api","timestamp":"2025-08-15 01:52:27"}
{"error":"Incorrect arguments to mysqld_stmt_execute","level":"error","message":"Database query error:","query":"\n        SELECT b.*, c.name as category_name \n        FROM books b \n        LEFT JOIN categories c ON b.category_id = c.id\n       ORDER BY b.created_at DESC LIMIT ? OFFSET ?","service":"bookstore-admin-api","timestamp":"2025-08-15 01:52:27"}
{"error":"Incorrect arguments to mysqld_stmt_execute","level":"error","message":"Error getting all books","service":"bookstore-admin-api","timestamp":"2025-08-15 01:52:27"}
{"error":"Incorrect arguments to mysqld_stmt_execute","level":"error","message":"Get all books error","service":"bookstore-admin-api","timestamp":"2025-08-15 01:52:27"}
{"error":"Incorrect arguments to mysqld_stmt_execute","level":"error","message":"Database query error:","query":"SELECT * FROM categories ORDER BY created_at DESC LIMIT ? OFFSET ?","service":"bookstore-admin-api","timestamp":"2025-08-15 01:52:28"}
{"error":"Incorrect arguments to mysqld_stmt_execute","level":"error","message":"Error getting all categories","service":"bookstore-admin-api","timestamp":"2025-08-15 01:52:28"}
{"error":"Incorrect arguments to mysqld_stmt_execute","level":"error","message":"Get all categories error","service":"bookstore-admin-api","timestamp":"2025-08-15 01:52:28"}
{"error":"Incorrect arguments to mysqld_stmt_execute","level":"error","message":"Database query error:","query":"\n        SELECT b.*, c.name as category_name \n        FROM books b \n        LEFT JOIN categories c ON b.category_id = c.id\n       ORDER BY b.created_at DESC LIMIT ? OFFSET ?","service":"bookstore-admin-api","timestamp":"2025-08-15 01:52:28"}
{"error":"Incorrect arguments to mysqld_stmt_execute","level":"error","message":"Error getting all books","service":"bookstore-admin-api","timestamp":"2025-08-15 01:52:28"}
{"error":"Incorrect arguments to mysqld_stmt_execute","level":"error","message":"Get all books error","service":"bookstore-admin-api","timestamp":"2025-08-15 01:52:28"}
{"error":"Incorrect arguments to mysqld_stmt_execute","level":"error","message":"Database query error:","query":"SELECT * FROM categories ORDER BY created_at DESC LIMIT ? OFFSET ?","service":"bookstore-admin-api","timestamp":"2025-08-15 01:57:41"}
{"error":"Incorrect arguments to mysqld_stmt_execute","level":"error","message":"Error getting all categories","service":"bookstore-admin-api","timestamp":"2025-08-15 01:57:41"}
{"error":"Incorrect arguments to mysqld_stmt_execute","level":"error","message":"Get all categories error","service":"bookstore-admin-api","timestamp":"2025-08-15 01:57:41"}
{"error":"Incorrect arguments to mysqld_stmt_execute","level":"error","message":"Database query error:","query":"\n        SELECT b.*, c.name as category_name \n        FROM books b \n        LEFT JOIN categories c ON b.category_id = c.id\n       ORDER BY b.created_at DESC LIMIT ? OFFSET ?","service":"bookstore-admin-api","timestamp":"2025-08-15 01:57:41"}
{"error":"Incorrect arguments to mysqld_stmt_execute","level":"error","message":"Error getting all books","service":"bookstore-admin-api","timestamp":"2025-08-15 01:57:41"}
{"error":"Incorrect arguments to mysqld_stmt_execute","level":"error","message":"Get all books error","service":"bookstore-admin-api","timestamp":"2025-08-15 01:57:41"}
{"error":"Incorrect arguments to mysqld_stmt_execute","level":"error","message":"Database query error:","query":"SELECT * FROM categories ORDER BY created_at DESC LIMIT ? OFFSET ?","service":"bookstore-admin-api","timestamp":"2025-08-15 01:57:42"}
{"error":"Incorrect arguments to mysqld_stmt_execute","level":"error","message":"Error getting all categories","service":"bookstore-admin-api","timestamp":"2025-08-15 01:57:42"}
{"error":"Incorrect arguments to mysqld_stmt_execute","level":"error","message":"Get all categories error","service":"bookstore-admin-api","timestamp":"2025-08-15 01:57:42"}
{"error":"Incorrect arguments to mysqld_stmt_execute","level":"error","message":"Database query error:","query":"\n        SELECT b.*, c.name as category_name \n        FROM books b \n        LEFT JOIN categories c ON b.category_id = c.id\n       ORDER BY b.created_at DESC LIMIT ? OFFSET ?","service":"bookstore-admin-api","timestamp":"2025-08-15 01:57:42"}
{"error":"Incorrect arguments to mysqld_stmt_execute","level":"error","message":"Error getting all books","service":"bookstore-admin-api","timestamp":"2025-08-15 01:57:42"}
{"error":"Incorrect arguments to mysqld_stmt_execute","level":"error","message":"Get all books error","service":"bookstore-admin-api","timestamp":"2025-08-15 01:57:42"}
{"error":"Incorrect arguments to mysqld_stmt_execute","level":"error","message":"Database query error:","query":"\n        SELECT b.*, c.name as category_name \n        FROM books b \n        LEFT JOIN categories c ON b.category_id = c.id\n       ORDER BY b.created_at DESC LIMIT ? OFFSET ?","service":"bookstore-admin-api","timestamp":"2025-08-15 01:57:45"}
{"error":"Incorrect arguments to mysqld_stmt_execute","level":"error","message":"Error getting all books","service":"bookstore-admin-api","timestamp":"2025-08-15 01:57:45"}
{"error":"Incorrect arguments to mysqld_stmt_execute","level":"error","message":"Get all books error","service":"bookstore-admin-api","timestamp":"2025-08-15 01:57:45"}
{"error":"Incorrect arguments to mysqld_stmt_execute","level":"error","message":"Database query error:","query":"SELECT * FROM categories ORDER BY created_at DESC LIMIT ? OFFSET ?","service":"bookstore-admin-api","timestamp":"2025-08-15 01:57:45"}
{"error":"Incorrect arguments to mysqld_stmt_execute","level":"error","message":"Error getting all categories","service":"bookstore-admin-api","timestamp":"2025-08-15 01:57:45"}
{"error":"Incorrect arguments to mysqld_stmt_execute","level":"error","message":"Get all categories error","service":"bookstore-admin-api","timestamp":"2025-08-15 01:57:45"}
{"error":"Incorrect arguments to mysqld_stmt_execute","level":"error","message":"Database query error:","query":"\n        SELECT b.*, c.name as category_name \n        FROM books b \n        LEFT JOIN categories c ON b.category_id = c.id\n       ORDER BY b.created_at DESC LIMIT ? OFFSET ?","service":"bookstore-admin-api","timestamp":"2025-08-15 01:57:46"}
{"error":"Incorrect arguments to mysqld_stmt_execute","level":"error","message":"Error getting all books","service":"bookstore-admin-api","timestamp":"2025-08-15 01:57:46"}
{"error":"Incorrect arguments to mysqld_stmt_execute","level":"error","message":"Get all books error","service":"bookstore-admin-api","timestamp":"2025-08-15 01:57:46"}
{"error":"Incorrect arguments to mysqld_stmt_execute","level":"error","message":"Database query error:","query":"SELECT * FROM categories ORDER BY created_at DESC LIMIT ? OFFSET ?","service":"bookstore-admin-api","timestamp":"2025-08-15 01:57:46"}
{"error":"Incorrect arguments to mysqld_stmt_execute","level":"error","message":"Error getting all categories","service":"bookstore-admin-api","timestamp":"2025-08-15 01:57:46"}
{"error":"Incorrect arguments to mysqld_stmt_execute","level":"error","message":"Get all categories error","service":"bookstore-admin-api","timestamp":"2025-08-15 01:57:46"}
{"error":"Incorrect arguments to mysqld_stmt_execute","level":"error","message":"Database query error:","query":"SELECT * FROM categories ORDER BY created_at DESC LIMIT ? OFFSET ?","service":"bookstore-admin-api","timestamp":"2025-08-15 01:57:49"}
{"error":"Incorrect arguments to mysqld_stmt_execute","level":"error","message":"Error getting all categories","service":"bookstore-admin-api","timestamp":"2025-08-15 01:57:49"}
{"error":"Incorrect arguments to mysqld_stmt_execute","level":"error","message":"Get all categories error","service":"bookstore-admin-api","timestamp":"2025-08-15 01:57:49"}
{"error":"Incorrect arguments to mysqld_stmt_execute","level":"error","message":"Database query error:","query":"\n        SELECT b.*, c.name as category_name \n        FROM books b \n        LEFT JOIN categories c ON b.category_id = c.id\n       ORDER BY b.created_at DESC LIMIT ? OFFSET ?","service":"bookstore-admin-api","timestamp":"2025-08-15 01:57:49"}
{"error":"Incorrect arguments to mysqld_stmt_execute","level":"error","message":"Error getting all books","service":"bookstore-admin-api","timestamp":"2025-08-15 01:57:49"}
{"error":"Incorrect arguments to mysqld_stmt_execute","level":"error","message":"Get all books error","service":"bookstore-admin-api","timestamp":"2025-08-15 01:57:49"}
{"error":"Incorrect arguments to mysqld_stmt_execute","level":"error","message":"Database query error:","query":"SELECT * FROM categories ORDER BY created_at DESC LIMIT ? OFFSET ?","service":"bookstore-admin-api","timestamp":"2025-08-15 01:57:50"}
{"error":"Incorrect arguments to mysqld_stmt_execute","level":"error","message":"Error getting all categories","service":"bookstore-admin-api","timestamp":"2025-08-15 01:57:50"}
{"error":"Incorrect arguments to mysqld_stmt_execute","level":"error","message":"Get all categories error","service":"bookstore-admin-api","timestamp":"2025-08-15 01:57:50"}
{"error":"Incorrect arguments to mysqld_stmt_execute","level":"error","message":"Database query error:","query":"\n        SELECT b.*, c.name as category_name \n        FROM books b \n        LEFT JOIN categories c ON b.category_id = c.id\n       ORDER BY b.created_at DESC LIMIT ? OFFSET ?","service":"bookstore-admin-api","timestamp":"2025-08-15 01:57:50"}
{"error":"Incorrect arguments to mysqld_stmt_execute","level":"error","message":"Error getting all books","service":"bookstore-admin-api","timestamp":"2025-08-15 01:57:50"}
{"error":"Incorrect arguments to mysqld_stmt_execute","level":"error","message":"Get all books error","service":"bookstore-admin-api","timestamp":"2025-08-15 01:57:50"}
{"error":"Incorrect arguments to mysqld_stmt_execute","level":"error","message":"Database query error:","query":"\n        SELECT b.*, c.name as category_name \n        FROM books b \n        LEFT JOIN categories c ON b.category_id = c.id\n       ORDER BY b.created_at DESC LIMIT ? OFFSET ?","service":"bookstore-admin-api","timestamp":"2025-08-15 01:58:05"}
{"error":"Incorrect arguments to mysqld_stmt_execute","level":"error","message":"Error getting all books","service":"bookstore-admin-api","timestamp":"2025-08-15 01:58:05"}
{"error":"Incorrect arguments to mysqld_stmt_execute","level":"error","message":"Get all books error","service":"bookstore-admin-api","timestamp":"2025-08-15 01:58:05"}
{"error":"Incorrect arguments to mysqld_stmt_execute","level":"error","message":"Database query error:","query":"SELECT * FROM categories ORDER BY created_at DESC LIMIT ? OFFSET ?","service":"bookstore-admin-api","timestamp":"2025-08-15 01:58:05"}
{"error":"Incorrect arguments to mysqld_stmt_execute","level":"error","message":"Error getting all categories","service":"bookstore-admin-api","timestamp":"2025-08-15 01:58:05"}
{"error":"Incorrect arguments to mysqld_stmt_execute","level":"error","message":"Get all categories error","service":"bookstore-admin-api","timestamp":"2025-08-15 01:58:05"}
{"error":"Incorrect arguments to mysqld_stmt_execute","level":"error","message":"Database query error:","query":"\n        SELECT b.*, c.name as category_name \n        FROM books b \n        LEFT JOIN categories c ON b.category_id = c.id\n       ORDER BY b.created_at DESC LIMIT ? OFFSET ?","service":"bookstore-admin-api","timestamp":"2025-08-15 01:58:06"}
{"error":"Incorrect arguments to mysqld_stmt_execute","level":"error","message":"Error getting all books","service":"bookstore-admin-api","timestamp":"2025-08-15 01:58:06"}
{"error":"Incorrect arguments to mysqld_stmt_execute","level":"error","message":"Get all books error","service":"bookstore-admin-api","timestamp":"2025-08-15 01:58:06"}
{"error":"Incorrect arguments to mysqld_stmt_execute","level":"error","message":"Database query error:","query":"SELECT * FROM categories ORDER BY created_at DESC LIMIT ? OFFSET ?","service":"bookstore-admin-api","timestamp":"2025-08-15 01:58:06"}
{"error":"Incorrect arguments to mysqld_stmt_execute","level":"error","message":"Error getting all categories","service":"bookstore-admin-api","timestamp":"2025-08-15 01:58:06"}
{"error":"Incorrect arguments to mysqld_stmt_execute","level":"error","message":"Get all categories error","service":"bookstore-admin-api","timestamp":"2025-08-15 01:58:06"}
{"error":"Incorrect arguments to mysqld_stmt_execute","level":"error","message":"Database query error:","query":"\n        SELECT b.*, c.name as category_name \n        FROM books b \n        LEFT JOIN categories c ON b.category_id = c.id\n       ORDER BY b.created_at DESC LIMIT ? OFFSET ?","service":"bookstore-admin-api","timestamp":"2025-08-15 01:58:27"}
{"error":"Incorrect arguments to mysqld_stmt_execute","level":"error","message":"Error getting all books","service":"bookstore-admin-api","timestamp":"2025-08-15 01:58:27"}
{"error":"Incorrect arguments to mysqld_stmt_execute","level":"error","message":"Get all books error","service":"bookstore-admin-api","timestamp":"2025-08-15 01:58:27"}
{"error":"Incorrect arguments to mysqld_stmt_execute","level":"error","message":"Database query error:","query":"SELECT * FROM categories ORDER BY created_at DESC LIMIT ? OFFSET ?","service":"bookstore-admin-api","timestamp":"2025-08-15 01:58:27"}
{"error":"Incorrect arguments to mysqld_stmt_execute","level":"error","message":"Error getting all categories","service":"bookstore-admin-api","timestamp":"2025-08-15 01:58:27"}
{"error":"Incorrect arguments to mysqld_stmt_execute","level":"error","message":"Get all categories error","service":"bookstore-admin-api","timestamp":"2025-08-15 01:58:27"}
{"error":"Incorrect arguments to mysqld_stmt_execute","level":"error","message":"Database query error:","query":"\n        SELECT b.*, c.name as category_name \n        FROM books b \n        LEFT JOIN categories c ON b.category_id = c.id\n       ORDER BY b.created_at DESC LIMIT ? OFFSET ?","service":"bookstore-admin-api","timestamp":"2025-08-15 01:58:28"}
{"error":"Incorrect arguments to mysqld_stmt_execute","level":"error","message":"Error getting all books","service":"bookstore-admin-api","timestamp":"2025-08-15 01:58:28"}
{"error":"Incorrect arguments to mysqld_stmt_execute","level":"error","message":"Get all books error","service":"bookstore-admin-api","timestamp":"2025-08-15 01:58:28"}
{"error":"Incorrect arguments to mysqld_stmt_execute","level":"error","message":"Database query error:","query":"SELECT * FROM categories ORDER BY created_at DESC LIMIT ? OFFSET ?","service":"bookstore-admin-api","timestamp":"2025-08-15 01:58:28"}
{"error":"Incorrect arguments to mysqld_stmt_execute","level":"error","message":"Error getting all categories","service":"bookstore-admin-api","timestamp":"2025-08-15 01:58:28"}
{"error":"Incorrect arguments to mysqld_stmt_execute","level":"error","message":"Get all categories error","service":"bookstore-admin-api","timestamp":"2025-08-15 01:58:28"}
{"error":"Incorrect arguments to mysqld_stmt_execute","level":"error","message":"Database query error:","query":"\n        SELECT b.*, c.name as category_name \n        FROM books b \n        LEFT JOIN categories c ON b.category_id = c.id\n       ORDER BY b.created_at DESC LIMIT ? OFFSET ?","service":"bookstore-admin-api","timestamp":"2025-08-15 01:59:50"}
{"error":"Incorrect arguments to mysqld_stmt_execute","level":"error","message":"Error getting all books","service":"bookstore-admin-api","timestamp":"2025-08-15 01:59:50"}
{"error":"Incorrect arguments to mysqld_stmt_execute","level":"error","message":"Get all books error","service":"bookstore-admin-api","timestamp":"2025-08-15 01:59:50"}
{"error":"Incorrect arguments to mysqld_stmt_execute","level":"error","message":"Database query error:","query":"SELECT * FROM categories ORDER BY created_at DESC LIMIT ? OFFSET ?","service":"bookstore-admin-api","timestamp":"2025-08-15 01:59:50"}
{"error":"Incorrect arguments to mysqld_stmt_execute","level":"error","message":"Error getting all categories","service":"bookstore-admin-api","timestamp":"2025-08-15 01:59:50"}
{"error":"Incorrect arguments to mysqld_stmt_execute","level":"error","message":"Get all categories error","service":"bookstore-admin-api","timestamp":"2025-08-15 01:59:50"}
{"error":"Incorrect arguments to mysqld_stmt_execute","level":"error","message":"Database query error:","query":"SELECT * FROM categories ORDER BY created_at DESC LIMIT ? OFFSET ?","service":"bookstore-admin-api","timestamp":"2025-08-15 01:59:51"}
{"error":"Incorrect arguments to mysqld_stmt_execute","level":"error","message":"Error getting all categories","service":"bookstore-admin-api","timestamp":"2025-08-15 01:59:51"}
{"error":"Incorrect arguments to mysqld_stmt_execute","level":"error","message":"Get all categories error","service":"bookstore-admin-api","timestamp":"2025-08-15 01:59:51"}
{"error":"Incorrect arguments to mysqld_stmt_execute","level":"error","message":"Database query error:","query":"\n        SELECT b.*, c.name as category_name \n        FROM books b \n        LEFT JOIN categories c ON b.category_id = c.id\n       ORDER BY b.created_at DESC LIMIT ? OFFSET ?","service":"bookstore-admin-api","timestamp":"2025-08-15 01:59:51"}
{"error":"Incorrect arguments to mysqld_stmt_execute","level":"error","message":"Error getting all books","service":"bookstore-admin-api","timestamp":"2025-08-15 01:59:51"}
{"error":"Incorrect arguments to mysqld_stmt_execute","level":"error","message":"Get all books error","service":"bookstore-admin-api","timestamp":"2025-08-15 01:59:51"}
{"error":"Incorrect arguments to mysqld_stmt_execute","level":"error","message":"Database query error:","query":"\n        SELECT b.*, c.name as category_name \n        FROM books b \n        LEFT JOIN categories c ON b.category_id = c.id\n       ORDER BY b.created_at DESC LIMIT ? OFFSET ?","service":"bookstore-admin-api","timestamp":"2025-08-15 02:02:13"}
{"error":"Incorrect arguments to mysqld_stmt_execute","level":"error","message":"Error getting all books","service":"bookstore-admin-api","timestamp":"2025-08-15 02:02:13"}
{"error":"Incorrect arguments to mysqld_stmt_execute","level":"error","message":"Get all books error","service":"bookstore-admin-api","timestamp":"2025-08-15 02:02:13"}
{"error":"Incorrect arguments to mysqld_stmt_execute","level":"error","message":"Database query error:","query":"SELECT * FROM categories ORDER BY created_at DESC LIMIT ? OFFSET ?","service":"bookstore-admin-api","timestamp":"2025-08-15 02:02:13"}
{"error":"Incorrect arguments to mysqld_stmt_execute","level":"error","message":"Error getting all categories","service":"bookstore-admin-api","timestamp":"2025-08-15 02:02:13"}
{"error":"Incorrect arguments to mysqld_stmt_execute","level":"error","message":"Get all categories error","service":"bookstore-admin-api","timestamp":"2025-08-15 02:02:13"}
{"error":"Incorrect arguments to mysqld_stmt_execute","level":"error","message":"Database query error:","query":"\n        SELECT b.*, c.name as category_name \n        FROM books b \n        LEFT JOIN categories c ON b.category_id = c.id\n       ORDER BY b.created_at DESC LIMIT ? OFFSET ?","service":"bookstore-admin-api","timestamp":"2025-08-15 02:02:13"}
{"error":"Incorrect arguments to mysqld_stmt_execute","level":"error","message":"Error getting all books","service":"bookstore-admin-api","timestamp":"2025-08-15 02:02:13"}
{"error":"Incorrect arguments to mysqld_stmt_execute","level":"error","message":"Get all books error","service":"bookstore-admin-api","timestamp":"2025-08-15 02:02:13"}
{"error":"Incorrect arguments to mysqld_stmt_execute","level":"error","message":"Database query error:","query":"SELECT * FROM categories ORDER BY created_at DESC LIMIT ? OFFSET ?","service":"bookstore-admin-api","timestamp":"2025-08-15 02:02:22"}
{"error":"Incorrect arguments to mysqld_stmt_execute","level":"error","message":"Error getting all categories","service":"bookstore-admin-api","timestamp":"2025-08-15 02:02:22"}
{"error":"Incorrect arguments to mysqld_stmt_execute","level":"error","message":"Get all categories error","service":"bookstore-admin-api","timestamp":"2025-08-15 02:02:22"}
{"error":"Incorrect arguments to mysqld_stmt_execute","level":"error","message":"Database query error:","query":"\n        SELECT b.*, c.name as category_name \n        FROM books b \n        LEFT JOIN categories c ON b.category_id = c.id\n       ORDER BY b.created_at DESC LIMIT ? OFFSET ?","service":"bookstore-admin-api","timestamp":"2025-08-15 02:02:22"}
{"error":"Incorrect arguments to mysqld_stmt_execute","level":"error","message":"Error getting all books","service":"bookstore-admin-api","timestamp":"2025-08-15 02:02:22"}
{"error":"Incorrect arguments to mysqld_stmt_execute","level":"error","message":"Get all books error","service":"bookstore-admin-api","timestamp":"2025-08-15 02:02:22"}
{"error":"Incorrect arguments to mysqld_stmt_execute","level":"error","message":"Database query error:","query":"\n        SELECT b.*, c.name as category_name \n        FROM books b \n        LEFT JOIN categories c ON b.category_id = c.id\n       ORDER BY b.created_at DESC LIMIT ? OFFSET ?","service":"bookstore-admin-api","timestamp":"2025-08-15 02:02:35"}
{"error":"Incorrect arguments to mysqld_stmt_execute","level":"error","message":"Error getting all books","service":"bookstore-admin-api","timestamp":"2025-08-15 02:02:35"}
{"error":"Incorrect arguments to mysqld_stmt_execute","level":"error","message":"Get all books error","service":"bookstore-admin-api","timestamp":"2025-08-15 02:02:35"}
{"error":"Incorrect arguments to mysqld_stmt_execute","level":"error","message":"Database query error:","query":"SELECT * FROM categories ORDER BY created_at DESC LIMIT ? OFFSET ?","service":"bookstore-admin-api","timestamp":"2025-08-15 02:02:35"}
{"error":"Incorrect arguments to mysqld_stmt_execute","level":"error","message":"Error getting all categories","service":"bookstore-admin-api","timestamp":"2025-08-15 02:02:35"}
{"error":"Incorrect arguments to mysqld_stmt_execute","level":"error","message":"Get all categories error","service":"bookstore-admin-api","timestamp":"2025-08-15 02:02:35"}
{"error":"Incorrect arguments to mysqld_stmt_execute","level":"error","message":"Database query error:","query":"\n        SELECT b.*, c.name as category_name \n        FROM books b \n        LEFT JOIN categories c ON b.category_id = c.id\n       ORDER BY b.created_at DESC LIMIT ? OFFSET ?","service":"bookstore-admin-api","timestamp":"2025-08-15 02:02:36"}
{"error":"Incorrect arguments to mysqld_stmt_execute","level":"error","message":"Error getting all books","service":"bookstore-admin-api","timestamp":"2025-08-15 02:02:36"}
{"error":"Incorrect arguments to mysqld_stmt_execute","level":"error","message":"Get all books error","service":"bookstore-admin-api","timestamp":"2025-08-15 02:02:36"}
{"error":"Incorrect arguments to mysqld_stmt_execute","level":"error","message":"Database query error:","query":"SELECT * FROM categories ORDER BY created_at DESC LIMIT ? OFFSET ?","service":"bookstore-admin-api","timestamp":"2025-08-15 02:02:36"}
{"error":"Incorrect arguments to mysqld_stmt_execute","level":"error","message":"Error getting all categories","service":"bookstore-admin-api","timestamp":"2025-08-15 02:02:36"}
{"error":"Incorrect arguments to mysqld_stmt_execute","level":"error","message":"Get all categories error","service":"bookstore-admin-api","timestamp":"2025-08-15 02:02:36"}
{"error":"Incorrect arguments to mysqld_stmt_execute","level":"error","message":"Database query error:","query":"\n        SELECT b.*, c.name as category_name \n        FROM books b \n        LEFT JOIN categories c ON b.category_id = c.id\n       ORDER BY b.created_at DESC LIMIT ? OFFSET ?","service":"bookstore-admin-api","timestamp":"2025-08-15 02:10:30"}
{"error":"Incorrect arguments to mysqld_stmt_execute","level":"error","message":"Error getting all books","service":"bookstore-admin-api","timestamp":"2025-08-15 02:10:30"}
{"error":"Incorrect arguments to mysqld_stmt_execute","level":"error","message":"Get all books error","service":"bookstore-admin-api","timestamp":"2025-08-15 02:10:30"}
{"error":"Incorrect arguments to mysqld_stmt_execute","level":"error","message":"Database query error:","query":"SELECT * FROM categories ORDER BY created_at DESC LIMIT ? OFFSET ?","service":"bookstore-admin-api","timestamp":"2025-08-15 02:10:30"}
{"error":"Incorrect arguments to mysqld_stmt_execute","level":"error","message":"Error getting all categories","service":"bookstore-admin-api","timestamp":"2025-08-15 02:10:30"}
{"error":"Incorrect arguments to mysqld_stmt_execute","level":"error","message":"Get all categories error","service":"bookstore-admin-api","timestamp":"2025-08-15 02:10:30"}
{"error":"Incorrect arguments to mysqld_stmt_execute","level":"error","message":"Database query error:","query":"\n        SELECT b.*, c.name as category_name \n        FROM books b \n        LEFT JOIN categories c ON b.category_id = c.id\n       ORDER BY b.created_at DESC LIMIT ? OFFSET ?","service":"bookstore-admin-api","timestamp":"2025-08-15 02:10:31"}
{"error":"Incorrect arguments to mysqld_stmt_execute","level":"error","message":"Error getting all books","service":"bookstore-admin-api","timestamp":"2025-08-15 02:10:31"}
{"error":"Incorrect arguments to mysqld_stmt_execute","level":"error","message":"Get all books error","service":"bookstore-admin-api","timestamp":"2025-08-15 02:10:31"}
{"error":"Incorrect arguments to mysqld_stmt_execute","level":"error","message":"Database query error:","query":"SELECT * FROM categories ORDER BY created_at DESC LIMIT ? OFFSET ?","service":"bookstore-admin-api","timestamp":"2025-08-15 02:10:31"}
{"error":"Incorrect arguments to mysqld_stmt_execute","level":"error","message":"Error getting all categories","service":"bookstore-admin-api","timestamp":"2025-08-15 02:10:31"}
{"error":"Incorrect arguments to mysqld_stmt_execute","level":"error","message":"Get all categories error","service":"bookstore-admin-api","timestamp":"2025-08-15 02:10:31"}
{"error":"Incorrect arguments to mysqld_stmt_execute","level":"error","message":"Database query error:","query":"\n        SELECT b.*, c.name as category_name \n        FROM books b \n        LEFT JOIN categories c ON b.category_id = c.id\n       ORDER BY b.created_at DESC LIMIT ? OFFSET ?","service":"bookstore-admin-api","timestamp":"2025-08-15 02:10:36"}
{"error":"Incorrect arguments to mysqld_stmt_execute","level":"error","message":"Error getting all books","service":"bookstore-admin-api","timestamp":"2025-08-15 02:10:36"}
{"error":"Incorrect arguments to mysqld_stmt_execute","level":"error","message":"Get all books error","service":"bookstore-admin-api","timestamp":"2025-08-15 02:10:36"}
{"error":"Incorrect arguments to mysqld_stmt_execute","level":"error","message":"Database query error:","query":"SELECT * FROM categories ORDER BY created_at DESC LIMIT ? OFFSET ?","service":"bookstore-admin-api","timestamp":"2025-08-15 02:10:36"}
{"error":"Incorrect arguments to mysqld_stmt_execute","level":"error","message":"Error getting all categories","service":"bookstore-admin-api","timestamp":"2025-08-15 02:10:36"}
{"error":"Incorrect arguments to mysqld_stmt_execute","level":"error","message":"Get all categories error","service":"bookstore-admin-api","timestamp":"2025-08-15 02:10:36"}
{"error":"Incorrect arguments to mysqld_stmt_execute","level":"error","message":"Database query error:","query":"\n        SELECT b.*, c.name as category_name \n        FROM books b \n        LEFT JOIN categories c ON b.category_id = c.id\n       ORDER BY b.created_at DESC LIMIT ? OFFSET ?","service":"bookstore-admin-api","timestamp":"2025-08-15 02:10:37"}
{"error":"Incorrect arguments to mysqld_stmt_execute","level":"error","message":"Error getting all books","service":"bookstore-admin-api","timestamp":"2025-08-15 02:10:37"}
{"error":"Incorrect arguments to mysqld_stmt_execute","level":"error","message":"Get all books error","service":"bookstore-admin-api","timestamp":"2025-08-15 02:10:37"}
{"error":"Incorrect arguments to mysqld_stmt_execute","level":"error","message":"Database query error:","query":"SELECT * FROM categories ORDER BY created_at DESC LIMIT ? OFFSET ?","service":"bookstore-admin-api","timestamp":"2025-08-15 02:10:37"}
{"error":"Incorrect arguments to mysqld_stmt_execute","level":"error","message":"Error getting all categories","service":"bookstore-admin-api","timestamp":"2025-08-15 02:10:37"}
{"error":"Incorrect arguments to mysqld_stmt_execute","level":"error","message":"Get all categories error","service":"bookstore-admin-api","timestamp":"2025-08-15 02:10:37"}
{"error":"Incorrect arguments to mysqld_stmt_execute","level":"error","message":"Database query error:","query":"\n        SELECT b.*, c.name as category_name \n        FROM books b \n        LEFT JOIN categories c ON b.category_id = c.id\n       ORDER BY b.created_at DESC LIMIT ? OFFSET ?","service":"bookstore-admin-api","timestamp":"2025-08-15 02:11:35"}
{"error":"Incorrect arguments to mysqld_stmt_execute","level":"error","message":"Error getting all books","service":"bookstore-admin-api","timestamp":"2025-08-15 02:11:35"}
{"error":"Incorrect arguments to mysqld_stmt_execute","level":"error","message":"Get all books error","service":"bookstore-admin-api","timestamp":"2025-08-15 02:11:35"}
{"error":"Incorrect arguments to mysqld_stmt_execute","level":"error","message":"Database query error:","query":"SELECT * FROM categories ORDER BY created_at DESC LIMIT ? OFFSET ?","service":"bookstore-admin-api","timestamp":"2025-08-15 02:11:35"}
{"error":"Incorrect arguments to mysqld_stmt_execute","level":"error","message":"Error getting all categories","service":"bookstore-admin-api","timestamp":"2025-08-15 02:11:35"}
{"error":"Incorrect arguments to mysqld_stmt_execute","level":"error","message":"Get all categories error","service":"bookstore-admin-api","timestamp":"2025-08-15 02:11:35"}
{"error":"Incorrect arguments to mysqld_stmt_execute","level":"error","message":"Database query error:","query":"\n        SELECT b.*, c.name as category_name \n        FROM books b \n        LEFT JOIN categories c ON b.category_id = c.id\n       ORDER BY b.created_at DESC LIMIT ? OFFSET ?","service":"bookstore-admin-api","timestamp":"2025-08-15 02:11:36"}
{"error":"Incorrect arguments to mysqld_stmt_execute","level":"error","message":"Error getting all books","service":"bookstore-admin-api","timestamp":"2025-08-15 02:11:36"}
{"error":"Incorrect arguments to mysqld_stmt_execute","level":"error","message":"Get all books error","service":"bookstore-admin-api","timestamp":"2025-08-15 02:11:36"}
{"error":"Incorrect arguments to mysqld_stmt_execute","level":"error","message":"Database query error:","query":"SELECT * FROM categories ORDER BY created_at DESC LIMIT ? OFFSET ?","service":"bookstore-admin-api","timestamp":"2025-08-15 02:11:36"}
{"error":"Incorrect arguments to mysqld_stmt_execute","level":"error","message":"Error getting all categories","service":"bookstore-admin-api","timestamp":"2025-08-15 02:11:36"}
{"error":"Incorrect arguments to mysqld_stmt_execute","level":"error","message":"Get all categories error","service":"bookstore-admin-api","timestamp":"2025-08-15 02:11:36"}
{"error":"Incorrect arguments to mysqld_stmt_execute","level":"error","message":"Database query error:","query":"\n        SELECT b.*, c.name as category_name \n        FROM books b \n        LEFT JOIN categories c ON b.category_id = c.id\n       ORDER BY b.created_at DESC LIMIT ? OFFSET ?","service":"bookstore-admin-api","timestamp":"2025-08-15 02:11:39"}
{"error":"Incorrect arguments to mysqld_stmt_execute","level":"error","message":"Error getting all books","service":"bookstore-admin-api","timestamp":"2025-08-15 02:11:39"}
{"error":"Incorrect arguments to mysqld_stmt_execute","level":"error","message":"Get all books error","service":"bookstore-admin-api","timestamp":"2025-08-15 02:11:39"}
{"error":"Incorrect arguments to mysqld_stmt_execute","level":"error","message":"Database query error:","query":"SELECT * FROM categories ORDER BY created_at DESC LIMIT ? OFFSET ?","service":"bookstore-admin-api","timestamp":"2025-08-15 02:11:39"}
{"error":"Incorrect arguments to mysqld_stmt_execute","level":"error","message":"Error getting all categories","service":"bookstore-admin-api","timestamp":"2025-08-15 02:11:39"}
{"error":"Incorrect arguments to mysqld_stmt_execute","level":"error","message":"Get all categories error","service":"bookstore-admin-api","timestamp":"2025-08-15 02:11:39"}
{"error":"Incorrect arguments to mysqld_stmt_execute","level":"error","message":"Database query error:","query":"SELECT * FROM categories ORDER BY created_at DESC LIMIT ? OFFSET ?","service":"bookstore-admin-api","timestamp":"2025-08-15 02:11:40"}
{"error":"Incorrect arguments to mysqld_stmt_execute","level":"error","message":"Error getting all categories","service":"bookstore-admin-api","timestamp":"2025-08-15 02:11:40"}
{"error":"Incorrect arguments to mysqld_stmt_execute","level":"error","message":"Get all categories error","service":"bookstore-admin-api","timestamp":"2025-08-15 02:11:40"}
{"error":"Incorrect arguments to mysqld_stmt_execute","level":"error","message":"Database query error:","query":"\n        SELECT b.*, c.name as category_name \n        FROM books b \n        LEFT JOIN categories c ON b.category_id = c.id\n       ORDER BY b.created_at DESC LIMIT ? OFFSET ?","service":"bookstore-admin-api","timestamp":"2025-08-15 02:11:40"}
{"error":"Incorrect arguments to mysqld_stmt_execute","level":"error","message":"Error getting all books","service":"bookstore-admin-api","timestamp":"2025-08-15 02:11:40"}
{"error":"Incorrect arguments to mysqld_stmt_execute","level":"error","message":"Get all books error","service":"bookstore-admin-api","timestamp":"2025-08-15 02:11:40"}
{"error":"Incorrect arguments to mysqld_stmt_execute","level":"error","message":"Database query error:","query":"SELECT * FROM categories ORDER BY created_at DESC LIMIT ? OFFSET ?","service":"bookstore-admin-api","timestamp":"2025-08-15 02:13:17"}
{"error":"Incorrect arguments to mysqld_stmt_execute","level":"error","message":"Error getting all categories","service":"bookstore-admin-api","timestamp":"2025-08-15 02:13:17"}
{"error":"Incorrect arguments to mysqld_stmt_execute","level":"error","message":"Get all categories error","service":"bookstore-admin-api","timestamp":"2025-08-15 02:13:17"}
{"error":"Incorrect arguments to mysqld_stmt_execute","level":"error","message":"Database query error:","query":"\n        SELECT b.*, c.name as category_name \n        FROM books b \n        LEFT JOIN categories c ON b.category_id = c.id\n       ORDER BY b.created_at DESC LIMIT ? OFFSET ?","service":"bookstore-admin-api","timestamp":"2025-08-15 02:13:17"}
{"error":"Incorrect arguments to mysqld_stmt_execute","level":"error","message":"Error getting all books","service":"bookstore-admin-api","timestamp":"2025-08-15 02:13:17"}
{"error":"Incorrect arguments to mysqld_stmt_execute","level":"error","message":"Get all books error","service":"bookstore-admin-api","timestamp":"2025-08-15 02:13:17"}
{"error":"Incorrect arguments to mysqld_stmt_execute","level":"error","message":"Database query error:","query":"SELECT * FROM categories ORDER BY created_at DESC LIMIT ? OFFSET ?","service":"bookstore-admin-api","timestamp":"2025-08-15 02:13:18"}
{"error":"Incorrect arguments to mysqld_stmt_execute","level":"error","message":"Error getting all categories","service":"bookstore-admin-api","timestamp":"2025-08-15 02:13:18"}
{"error":"Incorrect arguments to mysqld_stmt_execute","level":"error","message":"Get all categories error","service":"bookstore-admin-api","timestamp":"2025-08-15 02:13:18"}
{"error":"Incorrect arguments to mysqld_stmt_execute","level":"error","message":"Database query error:","query":"\n        SELECT b.*, c.name as category_name \n        FROM books b \n        LEFT JOIN categories c ON b.category_id = c.id\n       ORDER BY b.created_at DESC LIMIT ? OFFSET ?","service":"bookstore-admin-api","timestamp":"2025-08-15 02:13:18"}
{"error":"Incorrect arguments to mysqld_stmt_execute","level":"error","message":"Error getting all books","service":"bookstore-admin-api","timestamp":"2025-08-15 02:13:18"}
{"error":"Incorrect arguments to mysqld_stmt_execute","level":"error","message":"Get all books error","service":"bookstore-admin-api","timestamp":"2025-08-15 02:13:18"}
{"error":"Incorrect arguments to mysqld_stmt_execute","level":"error","message":"Database query error:","query":"SELECT * FROM categories ORDER BY created_at DESC LIMIT ? OFFSET ?","service":"bookstore-admin-api","timestamp":"2025-08-15 02:16:46"}
{"error":"Incorrect arguments to mysqld_stmt_execute","level":"error","message":"Error getting all categories","service":"bookstore-admin-api","timestamp":"2025-08-15 02:16:46"}
{"error":"Incorrect arguments to mysqld_stmt_execute","level":"error","message":"Get all categories error","service":"bookstore-admin-api","timestamp":"2025-08-15 02:16:46"}
{"error":"Incorrect arguments to mysqld_stmt_execute","level":"error","message":"Database query error:","query":"\n        SELECT b.*, c.name as category_name \n        FROM books b \n        LEFT JOIN categories c ON b.category_id = c.id\n       ORDER BY b.created_at DESC LIMIT ? OFFSET ?","service":"bookstore-admin-api","timestamp":"2025-08-15 02:16:46"}
{"error":"Incorrect arguments to mysqld_stmt_execute","level":"error","message":"Error getting all books","service":"bookstore-admin-api","timestamp":"2025-08-15 02:16:46"}
{"error":"Incorrect arguments to mysqld_stmt_execute","level":"error","message":"Get all books error","service":"bookstore-admin-api","timestamp":"2025-08-15 02:16:46"}
{"error":"Incorrect arguments to mysqld_stmt_execute","level":"error","message":"Database query error:","query":"SELECT * FROM categories ORDER BY created_at DESC LIMIT ? OFFSET ?","service":"bookstore-admin-api","timestamp":"2025-08-15 02:16:47"}
{"error":"Incorrect arguments to mysqld_stmt_execute","level":"error","message":"Error getting all categories","service":"bookstore-admin-api","timestamp":"2025-08-15 02:16:48"}
{"error":"Incorrect arguments to mysqld_stmt_execute","level":"error","message":"Get all categories error","service":"bookstore-admin-api","timestamp":"2025-08-15 02:16:48"}
{"error":"Incorrect arguments to mysqld_stmt_execute","level":"error","message":"Database query error:","query":"\n        SELECT b.*, c.name as category_name \n        FROM books b \n        LEFT JOIN categories c ON b.category_id = c.id\n       ORDER BY b.created_at DESC LIMIT ? OFFSET ?","service":"bookstore-admin-api","timestamp":"2025-08-15 02:16:48"}
{"error":"Incorrect arguments to mysqld_stmt_execute","level":"error","message":"Error getting all books","service":"bookstore-admin-api","timestamp":"2025-08-15 02:16:48"}
{"error":"Incorrect arguments to mysqld_stmt_execute","level":"error","message":"Get all books error","service":"bookstore-admin-api","timestamp":"2025-08-15 02:16:48"}
{"error":"Unknown column 'phone' in 'field list'","level":"error","message":"Database query error:","query":"\n        INSERT INTO users (name, email, password, phone, role, created_at, updated_at)\n        VALUES (?, ?, ?, ?, ?, NOW(), NOW())\n      ","service":"bookstore-admin-api","timestamp":"2025-08-15 03:01:41"}
{"email":"srish1@gmail.com","error":"Unknown column 'phone' in 'field list'","level":"error","message":"Error creating user","service":"bookstore-admin-api","timestamp":"2025-08-15 03:01:41"}
{"error":"Unknown column 'phone' in 'field list'","level":"error","message":"Registration error","service":"bookstore-admin-api","timestamp":"2025-08-15 03:01:41"}
{"error":"Unknown column 'phone' in 'field list'","level":"error","message":"Database query error:","query":"\n        INSERT INTO users (name, email, password, phone, role, created_at, updated_at)\n        VALUES (?, ?, ?, ?, ?, NOW(), NOW())\n      ","service":"bookstore-admin-api","timestamp":"2025-08-15 03:01:49"}
{"email":"srish1@gmail.com","error":"Unknown column 'phone' in 'field list'","level":"error","message":"Error creating user","service":"bookstore-admin-api","timestamp":"2025-08-15 03:01:49"}
{"error":"Unknown column 'phone' in 'field list'","level":"error","message":"Registration error","service":"bookstore-admin-api","timestamp":"2025-08-15 03:01:49"}
{"error":"Unknown column 'phone' in 'field list'","level":"error","message":"Database query error:","query":"\n        INSERT INTO users (name, email, password, phone, role, created_at, updated_at)\n        VALUES (?, ?, ?, ?, ?, NOW(), NOW())\n      ","service":"bookstore-admin-api","timestamp":"2025-08-15 03:01:51"}
{"email":"srish1@gmail.com","error":"Unknown column 'phone' in 'field list'","level":"error","message":"Error creating user","service":"bookstore-admin-api","timestamp":"2025-08-15 03:01:51"}
{"error":"Unknown column 'phone' in 'field list'","level":"error","message":"Registration error","service":"bookstore-admin-api","timestamp":"2025-08-15 03:01:51"}
{"error":"Data too long for column 'image_url' at row 1","level":"error","message":"Database query error:","query":"\n        INSERT INTO books (title, author, isbn, price, quantity, category_id, description, image_url, created_at, updated_at)\n        VALUES (?, ?, ?, ?, ?, ?, ?, ?, NOW(), NOW())\n      ","service":"bookstore-admin-api","timestamp":"2025-08-15 03:04:19"}
{"error":"Data too long for column 'image_url' at row 1","level":"error","message":"Error creating book","service":"bookstore-admin-api","timestamp":"2025-08-15 03:04:19","title":"Harry Potter"}
{"error":"Data too long for column 'image_url' at row 1","level":"error","message":"Create book error","service":"bookstore-admin-api","timestamp":"2025-08-15 03:04:19","userId":1}
{"error":"Data too long for column 'image_url' at row 1","level":"error","message":"Database query error:","query":"\n        INSERT INTO books (title, author, isbn, price, quantity, category_id, description, image_url, created_at, updated_at)\n        VALUES (?, ?, ?, ?, ?, ?, ?, ?, NOW(), NOW())\n      ","service":"bookstore-admin-api","timestamp":"2025-08-15 03:04:20"}
{"error":"Data too long for column 'image_url' at row 1","level":"error","message":"Error creating book","service":"bookstore-admin-api","timestamp":"2025-08-15 03:04:20","title":"Harry Potter"}
{"error":"Data too long for column 'image_url' at row 1","level":"error","message":"Create book error","service":"bookstore-admin-api","timestamp":"2025-08-15 03:04:20","userId":1}
